mode: set
dsa/Kth_highest_elem.go:8.48,10.27 2 0
dsa/Kth_highest_elem.go:10.27,12.3 1 0
dsa/Kth_highest_elem.go:13.2,13.13 1 0
dsa/Kth_highest_elem.go:17.40,20.28 3 0
dsa/Kth_highest_elem.go:20.28,21.44 1 0
dsa/Kth_highest_elem.go:21.44,23.4 1 0
dsa/Kth_highest_elem.go:25.2,25.31 1 0
dsa/Kth_highest_elem.go:25.31,27.3 1 0
dsa/Kth_highest_elem.go:28.2,28.25 1 0
dsa/add_digits.go:3.27,4.14 1 1
dsa/add_digits.go:4.14,6.3 1 1
dsa/add_digits.go:7.2,7.10 1 1
dsa/add_digits.go:10.24,12.12 2 1
dsa/add_digits.go:12.12,15.3 2 1
dsa/add_digits.go:16.2,16.12 1 1
dsa/add_number_linked_list.go:3.58,7.42 4 0
dsa/add_number_linked_list.go:7.42,10.16 3 0
dsa/add_number_linked_list.go:10.16,13.4 2 0
dsa/add_number_linked_list.go:14.3,14.16 1 0
dsa/add_number_linked_list.go:14.16,17.4 2 0
dsa/add_number_linked_list.go:18.3,22.17 3 0
dsa/add_number_linked_list.go:24.2,24.21 1 0
dsa/array_max_area.go:3.37,7.11 4 1
dsa/array_max_area.go:7.11,9.28 2 1
dsa/array_max_area.go:9.28,11.4 1 1
dsa/array_max_area.go:11.9,13.4 1 1
dsa/array_max_area.go:15.2,15.17 1 1
dsa/binaryGap.go:29.26,33.13 4 1
dsa/binaryGap.go:33.13,34.15 1 1
dsa/binaryGap.go:34.15,35.15 1 1
dsa/binaryGap.go:35.15,37.5 1 1
dsa/binaryGap.go:38.4,39.18 2 1
dsa/binaryGap.go:40.9,40.21 1 1
dsa/binaryGap.go:40.21,42.4 1 1
dsa/binaryGap.go:43.3,43.10 1 1
dsa/binaryGap.go:45.2,45.15 1 1
dsa/bulb_shine.go:3.30,6.23 3 1
dsa/bulb_shine.go:6.23,10.15 3 1
dsa/bulb_shine.go:10.15,11.24 1 1
dsa/bulb_shine.go:11.24,12.10 1 1
dsa/bulb_shine.go:14.4,14.7 1 1
dsa/bulb_shine.go:16.3,16.15 1 1
dsa/bulb_shine.go:16.15,18.4 1 1
dsa/bulb_shine.go:20.2,20.19 1 1
dsa/find_tree_depth.go:3.35,4.17 1 1
dsa/find_tree_depth.go:4.17,6.3 1 1
dsa/find_tree_depth.go:7.2,10.32 4 1
dsa/find_tree_depth.go:14.38,15.17 1 0
dsa/find_tree_depth.go:15.17,17.3 1 0
dsa/find_tree_depth.go:18.2,21.35 4 0
dsa/find_tree_depth.go:24.27,25.11 1 0
dsa/find_tree_depth.go:25.11,27.3 1 0
dsa/find_tree_depth.go:28.2,28.10 1 0
dsa/get_longest_alternating_string.go:3.39,5.11 2 1
dsa/get_longest_alternating_string.go:5.11,7.3 1 1
dsa/get_longest_alternating_string.go:8.2,10.19 3 1
dsa/get_longest_alternating_string.go:10.19,11.49 1 1
dsa/get_longest_alternating_string.go:11.49,13.4 1 1
dsa/get_longest_alternating_string.go:14.3,15.25 2 1
dsa/get_longest_alternating_string.go:15.25,17.4 1 1
dsa/get_longest_alternating_string.go:19.2,19.16 1 1
dsa/if_same_binary_tree.go:3.48,4.25 1 0
dsa/if_same_binary_tree.go:4.25,6.3 1 0
dsa/if_same_binary_tree.go:7.2,7.26 1 0
dsa/if_same_binary_tree.go:7.26,9.3 1 0
dsa/if_same_binary_tree.go:11.2,11.85 1 0
dsa/integer_to_roman.go:25.33,27.32 2 1
dsa/integer_to_roman.go:27.32,28.21 1 1
dsa/integer_to_roman.go:28.21,29.18 1 1
dsa/integer_to_roman.go:31.9,32.22 2 1
dsa/integer_to_roman.go:32.22,34.4 1 1
dsa/integer_to_roman.go:35.9,35.37 1 1
dsa/integer_to_roman.go:37.2,37.18 1 1
dsa/is_happy.go:4.26,6.13 2 1
dsa/is_happy.go:6.13,8.27 2 1
dsa/is_happy.go:8.27,10.4 1 1
dsa/is_happy.go:11.3,11.18 1 1
dsa/is_happy.go:13.2,13.15 1 1
dsa/is_happy.go:16.33,18.12 2 1
dsa/is_happy.go:18.12,22.3 3 1
dsa/is_happy.go:23.2,23.12 1 1
dsa/is_valid_brakets.go:20.34,28.25 3 1
dsa/is_valid_brakets.go:28.25,29.48 1 1
dsa/is_valid_brakets.go:29.48,31.4 1 1
dsa/is_valid_brakets.go:31.9,31.56 1 1
dsa/is_valid_brakets.go:31.56,34.35 3 1
dsa/is_valid_brakets.go:34.35,36.5 1 1
dsa/is_valid_brakets.go:39.2,39.23 1 1
dsa/largest_divisible_subset.go:7.47,14.21 5 1
dsa/largest_divisible_subset.go:14.21,17.20 3 1
dsa/largest_divisible_subset.go:17.20,18.53 1 1
dsa/largest_divisible_subset.go:18.53,21.5 2 1
dsa/largest_divisible_subset.go:23.3,23.29 1 1
dsa/largest_divisible_subset.go:23.29,25.4 1 1
dsa/largest_divisible_subset.go:29.2,30.18 2 1
dsa/largest_divisible_subset.go:30.18,33.3 2 1
dsa/largest_divisible_subset.go:35.2,35.19 1 1
dsa/level_order_traversal.go:3.41,4.17 1 0
dsa/level_order_traversal.go:4.17,6.3 1 0
dsa/level_order_traversal.go:7.2,11.12 5 0
dsa/level_order_traversal.go:14.70,15.56 1 0
dsa/level_order_traversal.go:15.56,17.3 1 0
dsa/level_order_traversal.go:18.2,18.17 1 0
dsa/level_order_traversal.go:18.17,21.3 2 0
dsa/level_order_traversal.go:22.2,22.18 1 0
dsa/level_order_traversal.go:22.18,25.3 2 0
dsa/level_order_traversal.go:26.2,26.12 1 0
dsa/longest_balanced_substr.go:5.39,11.19 5 1
dsa/longest_balanced_substr.go:11.19,12.18 1 1
dsa/longest_balanced_substr.go:12.18,14.4 1 1
dsa/longest_balanced_substr.go:14.9,16.4 1 1
dsa/longest_balanced_substr.go:18.3,18.50 1 1
dsa/longest_balanced_substr.go:18.50,20.4 1 1
dsa/longest_balanced_substr.go:20.9,22.4 1 1
dsa/longest_balanced_substr.go:25.2,25.15 1 1
dsa/longest_increasing_subsequence.go:3.34,5.22 2 1
dsa/longest_increasing_subsequence.go:5.22,7.3 1 1
dsa/longest_increasing_subsequence.go:8.2,9.33 2 1
dsa/longest_increasing_subsequence.go:9.33,10.20 1 1
dsa/longest_increasing_subsequence.go:10.20,11.25 1 1
dsa/longest_increasing_subsequence.go:11.25,13.5 1 1
dsa/longest_increasing_subsequence.go:15.3,15.35 1 1
dsa/longest_increasing_subsequence.go:17.2,17.15 1 1
dsa/longest_substr_2_distinct_char.go:3.47,5.11 2 1
dsa/longest_substr_2_distinct_char.go:5.11,7.3 1 1
dsa/longest_substr_2_distinct_char.go:8.2,11.19 4 1
dsa/longest_substr_2_distinct_char.go:11.19,13.24 2 1
dsa/longest_substr_2_distinct_char.go:13.24,15.31 2 1
dsa/longest_substr_2_distinct_char.go:15.31,17.5 1 1
dsa/longest_substr_2_distinct_char.go:18.4,18.11 1 1
dsa/longest_substr_2_distinct_char.go:20.3,20.36 1 1
dsa/longest_substr_2_distinct_char.go:22.2,22.16 1 1
dsa/longest_substr_2_distinct_char.go:25.48,27.11 2 0
dsa/longest_substr_2_distinct_char.go:27.11,29.3 1 0
dsa/longest_substr_2_distinct_char.go:30.2,34.17 5 0
dsa/longest_substr_2_distinct_char.go:34.17,35.57 1 0
dsa/longest_substr_2_distinct_char.go:35.57,37.32 2 0
dsa/longest_substr_2_distinct_char.go:37.32,39.5 1 0
dsa/longest_substr_2_distinct_char.go:40.4,43.12 4 0
dsa/longest_substr_2_distinct_char.go:44.9,44.38 1 0
dsa/longest_substr_2_distinct_char.go:44.38,46.4 1 0
dsa/longest_substr_2_distinct_char.go:47.3,48.6 2 0
dsa/longest_substr_2_distinct_char.go:50.2,51.30 2 0
dsa/longest_substr_2_distinct_char.go:51.30,53.3 1 0
dsa/longest_substr_2_distinct_char.go:54.2,55.16 2 0
dsa/longest_substr_non_repeating.go:4.46,6.11 2 1
dsa/longest_substr_non_repeating.go:6.11,8.3 1 0
dsa/longest_substr_non_repeating.go:9.2,12.19 4 1
dsa/longest_substr_non_repeating.go:12.19,13.51 1 1
dsa/longest_substr_non_repeating.go:13.51,15.4 1 1
dsa/longest_substr_non_repeating.go:16.3,17.38 2 1
dsa/longest_substr_non_repeating.go:19.2,19.16 1 1
dsa/longet_palindromic_substring.go:6.41,8.24 2 0
dsa/longet_palindromic_substring.go:8.24,12.45 3 0
dsa/longet_palindromic_substring.go:12.45,14.4 1 0
dsa/longet_palindromic_substring.go:15.3,15.46 1 0
dsa/longet_palindromic_substring.go:15.46,17.4 1 0
dsa/longet_palindromic_substring.go:19.2,19.27 1 0
dsa/longet_palindromic_substring.go:22.47,23.43 1 0
dsa/longet_palindromic_substring.go:23.43,26.3 2 0
dsa/longet_palindromic_substring.go:27.2,27.17 1 0
dsa/main.go:19.14,21.2 0 0
dsa/main.go:23.21,26.13 3 0
dsa/main.go:26.13,28.3 1 0
dsa/main.go:30.2,31.12 2 0
dsa/main.go:31.12,33.3 1 0
dsa/main.go:34.2,35.18 2 0
dsa/max_alternating_subsequence_sum.go:3.42,4.19 1 1
dsa/max_alternating_subsequence_sum.go:4.19,6.3 1 1
dsa/max_alternating_subsequence_sum.go:7.2,9.26 3 1
dsa/max_alternating_subsequence_sum.go:9.26,12.3 2 1
dsa/max_alternating_subsequence_sum.go:13.2,13.24 1 1
dsa/max_stock_profit.go:3.34,6.33 2 1
dsa/max_stock_profit.go:6.33,7.30 1 1
dsa/max_stock_profit.go:7.30,9.4 1 1
dsa/max_stock_profit.go:11.5,11.22 1 1
dsa/maximum_subarray_sum.go:3.34,6.27 3 0
dsa/maximum_subarray_sum.go:6.27,7.19 1 0
dsa/maximum_subarray_sum.go:7.19,9.10 1 0
dsa/maximum_subarray_sum.go:10.9,11.35 2 0
dsa/maximum_subarray_sum.go:11.35,13.10 1 0
dsa/maximum_subarray_sum.go:15.2,15.20 1 0
dsa/minimum_int_make_num_beaituful.go:4.54,5.30 1 0
dsa/minimum_int_make_num_beaituful.go:5.30,7.3 1 0
dsa/minimum_int_make_num_beaituful.go:8.2,10.30 3 0
dsa/minimum_int_make_num_beaituful.go:10.30,14.3 2 0
dsa/minimum_int_make_num_beaituful.go:15.2,15.23 1 0
dsa/minimum_int_make_num_beaituful.go:18.33,20.14 2 0
dsa/minimum_int_make_num_beaituful.go:20.14,23.3 2 0
dsa/minimum_int_make_num_beaituful.go:24.2,24.12 1 0
dsa/number_is_island.go:8.36,11.31 2 1
dsa/number_is_island.go:11.31,12.34 1 1
dsa/number_is_island.go:12.34,13.28 1 1
dsa/number_is_island.go:13.28,15.5 1 1
dsa/number_is_island.go:18.2,18.19 1 1
dsa/number_is_island.go:21.44,22.82 1 1
dsa/number_is_island.go:22.82,24.3 1 1
dsa/number_is_island.go:25.2,30.13 6 1
dsa/quick_sort.go:3.32,4.19 1 1
dsa/quick_sort.go:4.19,6.3 1 1
dsa/quick_sort.go:8.2,10.30 3 1
dsa/quick_sort.go:10.30,11.18 1 1
dsa/quick_sort.go:11.18,13.4 1 1
dsa/quick_sort.go:13.9,15.4 1 1
dsa/quick_sort.go:18.2,22.12 4 1
dsa/replace_one_char_len.go:3.37,9.20 6 1
dsa/replace_one_char_len.go:9.20,10.62 1 1
dsa/replace_one_char_len.go:10.62,12.17 2 1
dsa/replace_one_char_len.go:12.17,13.24 1 1
dsa/replace_one_char_len.go:13.24,15.6 1 1
dsa/replace_one_char_len.go:15.11,17.6 1 1
dsa/replace_one_char_len.go:18.10,24.5 5 1
dsa/replace_one_char_len.go:26.3,27.6 2 1
dsa/replace_one_char_len.go:29.2,29.16 1 1
dsa/request_rate_limitation_I.go:4.51,14.31 3 1
dsa/request_rate_limitation_I.go:14.31,15.38 1 1
dsa/request_rate_limitation_I.go:15.38,18.4 2 1
dsa/request_rate_limitation_I.go:21.3,26.42 4 1
dsa/request_rate_limitation_I.go:26.42,27.14 1 1
dsa/request_rate_limitation_I.go:27.14,29.5 1 1
dsa/request_rate_limitation_I.go:33.3,34.42 2 1
dsa/request_rate_limitation_I.go:34.42,35.15 1 1
dsa/request_rate_limitation_I.go:35.15,37.5 1 1
dsa/request_rate_limitation_I.go:42.3,42.44 1 1
dsa/request_rate_limitation_I.go:42.44,44.4 1 1
dsa/request_rate_limitation_I.go:44.9,46.4 1 1
dsa/request_rate_limitation_I.go:49.3,50.34 2 1
dsa/request_rate_limitation_I.go:53.2,53.18 1 1
dsa/rotate_array.go:4.42,11.2 5 1
dsa/rotate_array.go:14.35,20.2 5 1
dsa/rotate_array.go:22.36,23.40 1 1
dsa/rotate_array.go:23.40,25.3 1 1
dsa/sentence_similarity_III.go:5.67,11.10 5 1
dsa/sentence_similarity_III.go:11.10,14.3 2 1
dsa/sentence_similarity_III.go:16.2,17.49 2 1
dsa/sentence_similarity_III.go:17.49,19.3 1 1
dsa/sentence_similarity_III.go:21.2,22.58 2 1
dsa/sentence_similarity_III.go:22.58,24.3 1 1
dsa/sentence_similarity_III.go:25.2,25.25 1 1
dsa/sort_elem_by_freq.go:13.37,15.24 2 0
dsa/sort_elem_by_freq.go:15.24,17.3 1 0
dsa/sort_elem_by_freq.go:18.2,19.33 2 0
dsa/sort_elem_by_freq.go:19.33,21.3 1 0
dsa/sort_elem_by_freq.go:22.2,22.39 1 0
dsa/sort_elem_by_freq.go:22.39,23.35 1 0
dsa/sort_elem_by_freq.go:23.35,25.4 1 0
dsa/sort_elem_by_freq.go:26.3,26.37 1 0
dsa/sort_elem_by_freq.go:29.2,30.26 2 0
dsa/sort_elem_by_freq.go:30.26,31.22 1 0
dsa/sort_elem_by_freq.go:31.22,33.4 1 0
dsa/sort_elem_by_freq.go:35.2,35.15 1 0
dsa/sort_elem_by_freq.go:41.29,43.2 1 1
dsa/sort_elem_by_freq.go:45.38,46.28 1 1
dsa/sort_elem_by_freq.go:46.28,49.3 1 1
dsa/sort_elem_by_freq.go:50.2,50.30 1 1
dsa/sort_elem_by_freq.go:53.29,58.2 4 1
dsa/sort_elem_by_freq.go:60.31,62.2 1 1
dsa/sort_elem_by_freq.go:64.34,66.2 1 1
dsa/sort_elem_by_freq.go:69.38,74.24 4 1
dsa/sort_elem_by_freq.go:74.24,76.3 1 1
dsa/sort_elem_by_freq.go:77.2,77.33 1 1
dsa/sort_elem_by_freq.go:77.33,82.3 1 1
dsa/sort_elem_by_freq.go:83.2,84.18 2 1
dsa/sort_elem_by_freq.go:84.18,86.22 2 1
dsa/sort_elem_by_freq.go:86.22,88.4 1 1
dsa/sort_elem_by_freq.go:90.2,90.23 1 1
dsa/sorting_algo.go:4.45,6.2 0 0
dsa/sorting_algo.go:8.50,9.18 1 0
dsa/sorting_algo.go:9.18,15.3 4 0
dsa/sorting_algo.go:16.2,16.12 1 0
dsa/sorting_sorted_linked_list.go:13.52,19.2 3 1
dsa/sorting_sorted_linked_list.go:21.48,24.31 3 1
dsa/sorting_sorted_linked_list.go:24.31,25.24 1 1
dsa/sorting_sorted_linked_list.go:25.24,28.4 2 1
dsa/sorting_sorted_linked_list.go:28.9,31.4 2 1
dsa/sorting_sorted_linked_list.go:32.3,32.21 1 1
dsa/sorting_sorted_linked_list.go:34.2,34.16 1 1
dsa/sorting_sorted_linked_list.go:34.16,36.3 1 0
dsa/sorting_sorted_linked_list.go:37.2,37.16 1 1
dsa/sorting_sorted_linked_list.go:37.16,39.3 1 1
dsa/sorting_sorted_linked_list.go:40.2,40.19 1 1
dsa/sorting_sorted_linked_list.go:43.37,46.31 3 1
dsa/sorting_sorted_linked_list.go:46.31,49.3 2 1
dsa/sorting_sorted_linked_list.go:50.2,50.15 1 1
dsa/top_k_elements.go:9.44,12.27 3 1
dsa/top_k_elements.go:12.27,14.3 1 1
dsa/top_k_elements.go:15.2,16.32 2 1
dsa/top_k_elements.go:16.32,18.3 1 1
dsa/top_k_elements.go:19.2,19.40 1 1
dsa/top_k_elements.go:19.40,24.3 1 1
dsa/top_k_elements.go:25.2,26.45 2 1
dsa/top_k_elements.go:26.45,28.3 1 1
dsa/top_k_elements.go:29.2,29.15 1 1
dsa/trapping_rain_water.go:3.42,10.10 6 0
dsa/trapping_rain_water.go:10.10,11.27 1 0
dsa/trapping_rain_water.go:11.27,15.4 3 0
dsa/trapping_rain_water.go:15.9,19.4 3 0
dsa/trapping_rain_water.go:21.2,21.18 1 0
